     Creating library D:\Рабочий стол\дз\2семестр\ООП\Лаб 3.1-3.8\Lab3.3C(OOP)\Debug\UnitTest1.lib and object D:\Рабочий стол\дз\2семестр\ООП\Лаб 3.1-3.8\Lab3.3C(OOP)\Debug\UnitTest1.exp
UnitTest1.obj : error LNK2019: unresolved external symbol "public: __thiscall Object::Object(void)" (??0Object@@QAE@XZ) referenced in function "public: __thiscall LongLong::LongLong(class LongLong &)" (??0LongLong@@QAE@AAV0@@Z)
D:\Рабочий стол\дз\2семестр\ООП\Лаб 3.1-3.8\Lab3.3C(OOP)\Debug\UnitTest1.dll : fatal error LNK1120: 1 unresolved externals
